[06-Dec-2024 09:19:59 Europe/Berlin] Raw input: {"seats":[{"row":2,"col":6},{"row":2,"col":7},{"row":3,"col":6},{"row":3,"col":7},{"row":4,"col":7},{"row":5,"col":7}],"date":"2024-11-13","time":"13:00","totalCost":2640}
[06-Dec-2024 09:20:05 Europe/Berlin] Raw input: {"seats":[{"row":1,"col":4},{"row":1,"col":5},{"row":2,"col":4},{"row":2,"col":5},{"row":3,"col":4},{"row":3,"col":5}],"date":"2024-11-13","time":"13:00","totalCost":2640}
[06-Dec-2024 09:20:26 Europe/Berlin] Raw input: {"seats":[{"row":1,"col":3},{"row":2,"col":3},{"row":3,"col":2},{"row":3,"col":3},{"row":4,"col":2},{"row":4,"col":3},{"row":5,"col":2},{"row":5,"col":3},{"row":5,"col":4},{"row":5,"col":5}],"date":"2024-11-13","time":"13:00","totalCost":4400}
[06-Dec-2024 12:33:43 Europe/Berlin] Raw input: {"seats":[{"row":1,"col":1},{"row":1,"col":3}],"date":"2024-11-13","time":"13:00","totalCost":880}
[06-Dec-2024 12:33:47 Europe/Berlin] Raw input: {"seats":[{"row":1,"col":4},{"row":1,"col":5}],"date":"2024-11-13","time":"13:00","totalCost":880}
[06-Dec-2024 12:33:51 Europe/Berlin] Raw input: {"seats":[{"row":1,"col":2}],"date":"2024-11-13","time":"13:00","totalCost":440}
[06-Dec-2024 12:34:21 Europe/Berlin] Raw input: {"seats":[{"row":1,"col":6},{"row":2,"col":5},{"row":2,"col":6},{"row":3,"col":5},{"row":3,"col":6},{"row":4,"col":5},{"row":4,"col":6},{"row":5,"col":5},{"row":5,"col":6}],"date":"2024-11-13","time":"13:00","totalCost":3960}
[06-Dec-2024 12:56:46 Europe/Berlin] Raw input: {"seats":[{"row":1,"col":7},{"row":1,"col":8}],"date":"2024-11-13","time":"13:00","totalCost":880}
[06-Dec-2024 12:56:59 Europe/Berlin] Raw input: {"seats":[{"row":1,"col":9}],"date":"2024-11-13","time":"13:00","totalCost":440}
[06-Dec-2024 14:10:16 Europe/Berlin] Raw input: {"seats":[{"row":1,"col":10}],"date":"2024-11-13","time":"13:00","totalCost":440}
[06-Dec-2024 14:10:21 Europe/Berlin] Raw input: {"seats":[{"row":2,"col":7},{"row":2,"col":8}],"date":"2024-11-13","time":"13:00","totalCost":880}
[06-Dec-2024 14:35:09 Europe/Berlin] Raw input: {"seats":[{"row":1,"col":4}],"date":"2024-11-13","time":"13:00","totalCost":440}
[06-Dec-2024 14:40:25 Europe/Berlin] Raw input: {"seats":[{"row":1,"col":8}],"date":"2024-11-13","time":"13:00","totalCost":440}
[06-Dec-2024 14:40:45 Europe/Berlin] Raw input: {"seats":[{"row":1,"col":9}],"date":"2024-11-13","time":"13:00","totalCost":440}
[06-Dec-2024 14:43:03 Europe/Berlin] Raw input: {"seats":[{"row":1,"col":1},{"row":1,"col":2},{"row":1,"col":3},{"row":2,"col":3},{"row":2,"col":4},{"row":2,"col":5},{"row":2,"col":6},{"row":2,"col":7},{"row":2,"col":8},{"row":2,"col":9}],"date":"2024-11-13","time":"13:00","totalCost":4400}
[06-Dec-2024 14:44:34 Europe/Berlin] Raw input: {"seats":[{"row":3,"col":7}],"date":"2024-11-13","time":"13:00","totalCost":440}
[06-Dec-2024 14:45:26 Europe/Berlin] Raw input: {"seats":[{"row":1,"col":10}],"date":"2024-11-13","time":"13:00","totalCost":440}
[06-Dec-2024 14:56:12 Europe/Berlin] Raw input: {"seats":[{"row":1,"col":5}],"date":"2024-11-13","time":"13:00","totalCost":440}
[06-Dec-2024 15:02:44 Europe/Berlin] Raw input: {"seats":[{"row":3,"col":5},{"row":4,"col":5}],"date":"2024-11-13","time":"13:00","totalCost":880}
[06-Dec-2024 15:11:56 Europe/Berlin] Raw input: {"seats":[{"row":2,"col":10}],"date":"2024-11-13","time":"13:00","totalCost":440}
[06-Dec-2024 15:14:49 Europe/Berlin] Raw input: {"seats":[{"row":3,"col":9}],"date":"2024-11-13","time":"13:00","totalCost":440}
[06-Dec-2024 15:15:25 Europe/Berlin] Raw input: {"seats":[{"row":3,"col":8}],"date":"2024-11-13","time":"13:00","totalCost":440}
[06-Dec-2024 15:24:17 Europe/Berlin] Raw input: {"seats":[{"row":3,"col":3},{"row":3,"col":4}],"date":"2024-11-13","time":"13:00","totalCost":880}
[06-Dec-2024 15:25:20 Europe/Berlin] Raw input: {"seats":[{"row":4,"col":7},{"row":4,"col":8},{"row":5,"col":7},{"row":5,"col":8}],"date":"2024-11-13","time":"13:00","totalCost":1760}
[06-Dec-2024 15:28:19 Europe/Berlin] Raw input: {"seats":[{"row":1,"col":1}],"date":"2024-11-13","time":"20:30","totalCost":440}
[06-Dec-2024 16:00:12 Europe/Berlin] Raw input: {"seats":[{"row":1,"col":1},{"row":1,"col":2},{"row":1,"col":3},{"row":1,"col":4},{"row":1,"col":5}],"date":"2024-11-13","time":"13:00","totalCost":2200}
[06-Dec-2024 17:23:36 Europe/Berlin] Raw input: {"seats":[{"row":1,"col":6}],"date":"2024-11-13","time":"13:00","totalCost":440}
[06-Dec-2024 17:23:40 Europe/Berlin] Raw input: {"seats":[{"row":1,"col":7}],"date":"2024-11-13","time":"13:00","totalCost":440}
[06-Dec-2024 17:24:50 Europe/Berlin] Raw input: {"seats":[{"row":1,"col":8},{"row":1,"col":9}],"date":"2024-11-13","time":"13:00","totalCost":880}
[06-Dec-2024 17:42:01 Europe/Berlin] Raw input: {"seats":[{"row":1,"col":10}],"date":"2024-11-13","time":"13:00","totalCost":440}
[06-Dec-2024 17:46:45 Europe/Berlin] Raw input: {"seats":[{"row":2,"col":10}],"date":"2024-11-13","time":"13:00","totalCost":440}
[06-Dec-2024 18:10:37 Europe/Berlin] Raw input: {"seats":[{"row":2,"col":9}],"date":"2024-11-13","time":"13:00","totalCost":440}
[06-Dec-2024 18:16:39 Europe/Berlin] Raw input: {"seats":[{"row":2,"col":7}],"date":"2024-11-13","time":"13:00","totalCost":440}
[06-Dec-2024 18:22:58 Europe/Berlin] Raw input: {"seats":[{"row":2,"col":5}],"date":"2024-11-13","time":"13:00","totalCost":440}
[06-Dec-2024 18:23:31 Europe/Berlin] Raw input: {"seats":[{"row":2,"col":8}],"date":"2024-11-13","time":"13:00","totalCost":440}
[06-Dec-2024 18:23:46 Europe/Berlin] Raw input: {"seats":[{"row":3,"col":10}],"date":"2024-11-13","time":"13:00","totalCost":440}
[06-Dec-2024 18:24:14 Europe/Berlin] Raw input: {"seats":[{"row":3,"col":8},{"row":4,"col":8},{"row":5,"col":8}],"date":"2024-11-13","time":"13:00","totalCost":1320}
[06-Dec-2024 18:25:57 Europe/Berlin] Raw input: {"seats":[{"row":3,"col":9}],"date":"2024-11-13","time":"13:00","totalCost":440}
[06-Dec-2024 18:26:01 Europe/Berlin] Raw input: {"seats":[{"row":4,"col":9}],"date":"2024-11-13","time":"13:00","totalCost":440}
[06-Dec-2024 18:26:23 Europe/Berlin] Raw input: {"seats":[{"row":3,"col":6}],"date":"2024-11-13","time":"13:00","totalCost":440}
[06-Dec-2024 18:28:26 Europe/Berlin] Raw input: {"seats":[{"row":2,"col":6}],"date":"2024-11-13","time":"13:00","totalCost":440}
[06-Dec-2024 18:35:16 Europe/Berlin] Raw input: {"seats":[{"row":2,"col":4},{"row":3,"col":4},{"row":3,"col":5},{"row":4,"col":4},{"row":4,"col":5},{"row":5,"col":4},{"row":5,"col":5}],"date":"2024-11-13","time":"13:00","totalCost":3080}
[06-Dec-2024 18:35:20 Europe/Berlin] Raw input: {"seats":[{"row":2,"col":3}],"date":"2024-11-13","time":"13:00","totalCost":440}
[06-Dec-2024 18:35:28 Europe/Berlin] Raw input: {"seats":[{"row":2,"col":1}],"date":"2024-11-13","time":"13:00","totalCost":440}
[06-Dec-2024 18:44:12 Europe/Berlin] Raw input: {"seats":[{"row":3,"col":7}],"date":"2024-11-13","time":"13:00","totalCost":440}
[06-Dec-2024 18:44:29 Europe/Berlin] Raw input: {"seats":[{"row":4,"col":10}],"date":"2024-11-13","time":"13:00","totalCost":440}
[06-Dec-2024 18:45:06 Europe/Berlin] Raw input: {"seats":[{"row":3,"col":3}],"date":"2024-11-13","time":"13:00","totalCost":440}
[06-Dec-2024 18:45:28 Europe/Berlin] Raw input: {"seats":[{"row":4,"col":7}],"date":"2024-11-13","time":"13:00","totalCost":440}
[06-Dec-2024 18:48:17 Europe/Berlin] Raw input: {"seats":[{"row":4,"col":6}],"date":"2024-11-13","time":"13:00","totalCost":440}
[06-Dec-2024 18:50:39 Europe/Berlin] Raw input: {"seats":[{"row":2,"col":2}],"date":"2024-11-13","time":"13:00","totalCost":440}
[06-Dec-2024 18:52:27 Europe/Berlin] Raw input: {"seats":[{"row":4,"col":3}],"date":"2024-11-13","time":"13:00","totalCost":440}
[06-Dec-2024 18:56:57 Europe/Berlin] Raw input: {"seats":[{"row":5,"col":7}],"date":"2024-11-13","time":"13:00","totalCost":440}
[06-Dec-2024 19:00:12 Europe/Berlin] Raw input: {"seats":[{"row":1,"col":8}],"date":"2024-11-13","time":"13:00","totalCost":440}
[06-Dec-2024 19:01:55 Europe/Berlin] Raw input: {"seats":[{"row":1,"col":5}],"date":"2024-11-13","time":"13:00","totalCost":440}
[06-Dec-2024 19:01:59 Europe/Berlin] Raw input: {"seats":[{"row":1,"col":6}],"date":"2024-11-13","time":"13:00","totalCost":440}
[06-Dec-2024 19:02:52 Europe/Berlin] Raw input: {"seats":[{"row":1,"col":9}],"date":"2024-11-13","time":"13:00","totalCost":440}
[06-Dec-2024 19:12:28 Europe/Berlin] Raw input: {"seats":[{"row":1,"col":7}],"date":"2024-11-13","time":"13:00","totalCost":440}
[06-Dec-2024 19:14:54 Europe/Berlin] Raw input: {"seats":[{"row":1,"col":4}],"date":"2024-11-13","time":"13:00","totalCost":440}
[06-Dec-2024 19:21:46 Europe/Berlin] Raw input: {"seats":[{"row":1,"col":10}],"date":"2024-11-13","time":"13:00","totalCost":440}
[06-Dec-2024 19:22:02 Europe/Berlin] Raw input: {"seats":[{"row":1,"col":2},{"row":2,"col":8},{"row":2,"col":10},{"row":3,"col":10},{"row":4,"col":10},{"row":5,"col":10}],"date":"2024-11-13","time":"13:00","totalCost":2640}
[06-Dec-2024 19:33:39 Europe/Berlin] Raw input: {"seats":[{"row":2,"col":9}],"date":"2024-11-13","time":"13:00","totalCost":440}
[06-Dec-2024 19:34:46 Europe/Berlin] Raw input: {"seats":[{"row":2,"col":5},{"row":2,"col":6}],"date":"2024-11-13","time":"13:00","totalCost":880}
[06-Dec-2024 19:46:03 Europe/Berlin] Raw input: {"seats":[{"row":2,"col":7}],"date":"2024-11-13","time":"13:00","totalCost":440}
[06-Dec-2024 19:50:52 Europe/Berlin] Raw input: {"seats":[{"row":2,"col":4},{"row":3,"col":4}],"date":"2024-11-13","time":"13:00","totalCost":880}
[06-Dec-2024 19:51:27 Europe/Berlin] Raw input: {"seats":[{"row":3,"col":5},{"row":3,"col":6}],"date":"2024-11-13","time":"13:00","totalCost":880}
[06-Dec-2024 19:52:39 Europe/Berlin] Raw input: {"seats":[{"row":2,"col":3},{"row":3,"col":3}],"date":"2024-11-13","time":"13:00","totalCost":880}
[06-Dec-2024 19:59:32 Europe/Berlin] Raw input: {"seats":[{"row":2,"col":2},{"row":3,"col":2}],"date":"2024-11-13","time":"13:00","totalCost":880}
[06-Dec-2024 20:00:17 Europe/Berlin] Raw input: {"seats":[{"row":3,"col":7}],"date":"2024-11-13","time":"13:00","totalCost":440}
[06-Dec-2024 20:00:22 Europe/Berlin] Raw input: {"seats":[{"row":3,"col":8}],"date":"2024-11-13","time":"13:00","totalCost":440}
[06-Dec-2024 20:01:09 Europe/Berlin] Raw input: {"seats":[{"row":3,"col":9},{"row":4,"col":9}],"date":"2024-11-13","time":"13:00","totalCost":880}
[06-Dec-2024 20:02:29 Europe/Berlin] Raw input: {"seats":[{"row":1,"col":1},{"row":1,"col":3}],"date":"2024-11-13","time":"13:00","totalCost":880}
[06-Dec-2024 20:03:01 Europe/Berlin] Raw input: {"seats":[{"row":4,"col":7}],"date":"2024-11-16","time":"20:30","totalCost":440}
[06-Dec-2024 20:08:59 Europe/Berlin] Raw input: {"seats":[{"row":2,"col":1},{"row":3,"col":1},{"row":4,"col":1},{"row":4,"col":5},{"row":4,"col":6},{"row":4,"col":8},{"row":5,"col":6},{"row":5,"col":7},{"row":5,"col":8},{"row":5,"col":9}],"date":"2024-11-16","time":"20:30","totalCost":4400}
