[28-Nov-2024 05:33:41 Europe/Berlin] Raw input: {"seats":[{"row":1,"col":9}],"date":"2024-11-13","time":"13:00","totalCost":440}
[28-Nov-2024 05:34:51 Europe/Berlin] Raw input: {"seats":[{"row":1,"col":5},{"row":1,"col":6},{"row":1,"col":7},{"row":1,"col":8}],"date":"2024-11-13","time":"13:00","totalCost":1760}
[28-Nov-2024 05:42:57 Europe/Berlin] Raw input: {"seats":[{"row":1,"col":4},{"row":2,"col":4},{"row":2,"col":5},{"row":3,"col":4},{"row":3,"col":5},{"row":3,"col":6},{"row":4,"col":4},{"row":4,"col":5},{"row":4,"col":6},{"row":5,"col":6},{"row":2,"col":6}],"date":"2024-11-13","time":"13:00","totalCost":4840}
[28-Nov-2024 05:42:57 Europe/Berlin] Raw input: {"seats":[{"row":1,"col":4},{"row":2,"col":4},{"row":2,"col":5},{"row":3,"col":4},{"row":3,"col":5},{"row":3,"col":6},{"row":4,"col":4},{"row":4,"col":5},{"row":4,"col":6},{"row":5,"col":6},{"row":2,"col":6}],"date":"2024-11-13","time":"13:00","totalCost":4840}
[28-Nov-2024 05:42:57 Europe/Berlin] Booking exception: Duplicate entry '2024-11-13-13:00:00-1-4' for key 'unique_seat_booking'
[28-Nov-2024 05:44:09 Europe/Berlin] Raw input: {"seats":[{"row":1,"col":10},{"row":2,"col":10},{"row":3,"col":10},{"row":4,"col":9},{"row":4,"col":10},{"row":5,"col":9},{"row":5,"col":10},{"row":1,"col":9},{"row":1,"col":10},{"row":2,"col":9},{"row":3,"col":9}],"date":"2024-11-13","time":"15:30","totalCost":4840}
[28-Nov-2024 05:44:09 Europe/Berlin] Raw input: {"seats":[{"row":1,"col":10},{"row":2,"col":10},{"row":3,"col":10},{"row":4,"col":9},{"row":4,"col":10},{"row":5,"col":9},{"row":5,"col":10},{"row":1,"col":9},{"row":1,"col":10},{"row":2,"col":9},{"row":3,"col":9}],"date":"2024-11-13","time":"15:30","totalCost":4840}
[28-Nov-2024 05:44:09 Europe/Berlin] Booking exception: Deadlock found when trying to get lock; try restarting transaction
[28-Nov-2024 05:44:09 Europe/Berlin] Booking exception: Duplicate entry '2024-11-13-15:30:00-1-10' for key 'unique_seat_booking'
[28-Nov-2024 05:44:27 Europe/Berlin] Raw input: {"seats":[{"row":1,"col":10},{"row":2,"col":10},{"row":3,"col":10},{"row":4,"col":9},{"row":4,"col":10},{"row":5,"col":9},{"row":5,"col":10},{"row":1,"col":9},{"row":1,"col":10},{"row":2,"col":9},{"row":3,"col":9}],"date":"2024-11-13","time":"15:30","totalCost":4840}
[28-Nov-2024 05:44:27 Europe/Berlin] Raw input: {"seats":[{"row":1,"col":10},{"row":2,"col":10},{"row":3,"col":10},{"row":4,"col":9},{"row":4,"col":10},{"row":5,"col":9},{"row":5,"col":10},{"row":1,"col":9},{"row":1,"col":10},{"row":2,"col":9},{"row":3,"col":9}],"date":"2024-11-13","time":"15:30","totalCost":4840}
[28-Nov-2024 05:44:27 Europe/Berlin] Booking exception: Duplicate entry '2024-11-13-15:30:00-1-10' for key 'unique_seat_booking'
[28-Nov-2024 05:44:27 Europe/Berlin] Booking exception: Deadlock found when trying to get lock; try restarting transaction
[28-Nov-2024 05:44:39 Europe/Berlin] Raw input: {"seats":[{"row":4,"col":9},{"row":5,"col":10}],"date":"2024-11-13","time":"13:00","totalCost":880}
[28-Nov-2024 05:44:39 Europe/Berlin] Raw input: {"seats":[{"row":4,"col":9},{"row":5,"col":10}],"date":"2024-11-13","time":"13:00","totalCost":880}
[28-Nov-2024 05:44:39 Europe/Berlin] Booking exception: Duplicate entry '2024-11-13-13:00:00-4-9' for key 'unique_seat_booking'
[28-Nov-2024 05:51:00 Europe/Berlin] Raw input: {"seats":[{"row":1,"col":1},{"row":1,"col":2},{"row":2,"col":1},{"row":2,"col":2}],"date":"2024-11-13","time":"13:00","totalCost":1760}
[28-Nov-2024 05:51:00 Europe/Berlin] Raw input: {"seats":[{"row":1,"col":1},{"row":1,"col":2},{"row":2,"col":1},{"row":2,"col":2}],"date":"2024-11-13","time":"13:00","totalCost":1760}
[28-Nov-2024 05:51:00 Europe/Berlin] Booking exception: Duplicate entry '2024-11-13-13:00:00-1-1' for key 'unique_seat_booking'
[28-Nov-2024 06:05:47 Europe/Berlin] Raw input: {"seats":[{"row":1,"col":3},{"row":1,"col":4},{"row":1,"col":5},{"row":1,"col":6},{"row":1,"col":7},{"row":1,"col":8},{"row":1,"col":9},{"row":1,"col":10},{"row":2,"col":10},{"row":4,"col":10}],"date":"2024-11-13","time":"13:00","totalCost":4400}
[28-Nov-2024 06:05:47 Europe/Berlin] Raw input: {"seats":[{"row":1,"col":3},{"row":1,"col":4},{"row":1,"col":5},{"row":1,"col":6},{"row":1,"col":7},{"row":1,"col":8},{"row":1,"col":9},{"row":1,"col":10},{"row":2,"col":10},{"row":4,"col":10}],"date":"2024-11-13","time":"13:00","totalCost":4400}
[28-Nov-2024 06:05:47 Europe/Berlin] Booking exception: Duplicate entry '2024-11-13-13:00:00-1-3' for key 'unique_seat_booking'
[28-Nov-2024 06:06:05 Europe/Berlin] Raw input: {"seats":[{"row":5,"col":10}],"date":"2024-11-13","time":"13:00","totalCost":440}
[28-Nov-2024 06:06:05 Europe/Berlin] Raw input: {"seats":[{"row":5,"col":10}],"date":"2024-11-13","time":"13:00","totalCost":440}
[28-Nov-2024 06:06:05 Europe/Berlin] Booking exception: Duplicate entry '2024-11-13-13:00:00-5-10' for key 'unique_seat_booking'
[28-Nov-2024 06:09:20 Europe/Berlin] Raw input: {"seats":[{"row":1,"col":1},{"row":1,"col":2},{"row":1,"col":3},{"row":1,"col":4},{"row":1,"col":5},{"row":1,"col":6},{"row":1,"col":7},{"row":1,"col":8},{"row":1,"col":9},{"row":1,"col":10}],"date":"2024-11-13","time":"13:00","totalCost":4400}
[28-Nov-2024 06:09:20 Europe/Berlin] Raw input: {"seats":[{"row":1,"col":1},{"row":1,"col":2},{"row":1,"col":3},{"row":1,"col":4},{"row":1,"col":5},{"row":1,"col":6},{"row":1,"col":7},{"row":1,"col":8},{"row":1,"col":9},{"row":1,"col":10}],"date":"2024-11-13","time":"13:00","totalCost":4400}
[28-Nov-2024 06:09:20 Europe/Berlin] Booking exception: Duplicate entry '2024-11-13-13:00:00-1-1' for key 'unique_seat_booking'
[28-Nov-2024 06:09:20 Europe/Berlin] Booking exception: Duplicate entry '2024-11-13-13:00:00-1-1' for key 'unique_seat_booking'
[28-Nov-2024 06:09:23 Europe/Berlin] Raw input: {"seats":[{"row":1,"col":1},{"row":1,"col":2},{"row":1,"col":3},{"row":1,"col":4},{"row":1,"col":5},{"row":1,"col":6},{"row":1,"col":7},{"row":1,"col":8},{"row":1,"col":9},{"row":1,"col":10}],"date":"2024-11-13","time":"13:00","totalCost":4400}
[28-Nov-2024 06:09:23 Europe/Berlin] Raw input: {"seats":[{"row":1,"col":1},{"row":1,"col":2},{"row":1,"col":3},{"row":1,"col":4},{"row":1,"col":5},{"row":1,"col":6},{"row":1,"col":7},{"row":1,"col":8},{"row":1,"col":9},{"row":1,"col":10}],"date":"2024-11-13","time":"13:00","totalCost":4400}
[28-Nov-2024 06:09:23 Europe/Berlin] Booking exception: Duplicate entry '2024-11-13-13:00:00-1-1' for key 'unique_seat_booking'
[28-Nov-2024 06:09:23 Europe/Berlin] Booking exception: Duplicate entry '2024-11-13-13:00:00-1-1' for key 'unique_seat_booking'
[28-Nov-2024 06:28:19 Europe/Berlin] Raw input: {"seats":[{"row":1,"col":5},{"row":1,"col":6},{"row":1,"col":7},{"row":1,"col":8},{"row":2,"col":4},{"row":2,"col":5},{"row":2,"col":6},{"row":2,"col":7},{"row":2,"col":8},{"row":2,"col":9}],"date":"2024-11-13","time":"13:00","totalCost":4400}
[28-Nov-2024 06:28:19 Europe/Berlin] Raw input: {"seats":[{"row":1,"col":5},{"row":1,"col":6},{"row":1,"col":7},{"row":1,"col":8},{"row":2,"col":4},{"row":2,"col":5},{"row":2,"col":6},{"row":2,"col":7},{"row":2,"col":8},{"row":2,"col":9}],"date":"2024-11-13","time":"13:00","totalCost":4400}
[28-Nov-2024 06:28:19 Europe/Berlin] Booking exception: Duplicate entry '2024-11-13-13:00:00-1-5' for key 'unique_seat_booking'
[28-Nov-2024 11:26:18 Europe/Berlin] Raw input: {"seats":[{"row":3,"col":7},{"row":3,"col":8},{"row":4,"col":7},{"row":4,"col":8}],"date":"2024-11-28","time":"18:43","totalCost":1760}
[28-Nov-2024 11:26:18 Europe/Berlin] Raw input: {"seats":[{"row":3,"col":7},{"row":3,"col":8},{"row":4,"col":7},{"row":4,"col":8}],"date":"2024-11-28","time":"18:43","totalCost":1760}
[28-Nov-2024 11:26:18 Europe/Berlin] Booking exception: Duplicate entry '2024-11-28-18:43:00-3-7' for key 'unique_seat_booking'
[03-Dec-2024 11:32:44 Europe/Berlin] Raw input: {"seats":[{"row":1,"col":2},{"row":1,"col":3},{"row":1,"col":4},{"row":1,"col":5},{"row":1,"col":6}],"date":"2024-11-13","time":"13:00","totalCost":2200}
[03-Dec-2024 11:32:44 Europe/Berlin] Raw input: {"seats":[{"row":1,"col":2},{"row":1,"col":3},{"row":1,"col":4},{"row":1,"col":5},{"row":1,"col":6}],"date":"2024-11-13","time":"13:00","totalCost":2200}
[03-Dec-2024 11:32:44 Europe/Berlin] Booking exception: Duplicate entry '2024-11-13-13:00:00-1-2' for key 'unique_seat_booking'
